{
  "RSpec": {
    "coverage": {
      "/Users/apprentice/Dropbox/DBC-Chicago/Fireflies/Scott/phase_3/light_it_up/app/controllers/elements_controller.rb": [
        1,
        null,
        1,
        1,
        null,
        null,
        1,
        1,
        1,
        null,
        null,
        1,
        2,
        2,
        0,
        0,
        null,
        2,
        null,
        null,
        null,
        1,
        1,
        null,
        null,
        1,
        null,
        null,
        null,
        1,
        null,
        0,
        0,
        0,
        0,
        null,
        0,
        null,
        null,
        null,
        null,
        null,
        1,
        null,
        null,
        null,
        null,
        1,
        null,
        1,
        1,
        null,
        null,
        null
      ],
      "/Users/apprentice/Dropbox/DBC-Chicago/Fireflies/Scott/phase_3/light_it_up/app/controllers/application_controller.rb": [
        1,
        null,
        null,
        1,
        null,
        1,
        1,
        1,
        1,
        null,
        1,
        390,
        null,
        null,
        1,
        82,
        null,
        null,
        1,
        0,
        0,
        null,
        0,
        null,
        null,
        null,
        1,
        0,
        null,
        null,
        null
      ],
      "/Users/apprentice/Dropbox/DBC-Chicago/Fireflies/Scott/phase_3/light_it_up/app/controllers/sessions_controller.rb": [
        1,
        null,
        null,
        1,
        null,
        null,
        1,
        null,
        19,
        19,
        18,
        18,
        null,
        1,
        1,
        null,
        null,
        null,
        null,
        1,
        3,
        3,
        3,
        null,
        null,
        null
      ],
      "/Users/apprentice/Dropbox/DBC-Chicago/Fireflies/Scott/phase_3/light_it_up/app/controllers/slide_controller.rb": [
        1,
        null
      ],
      "/Users/apprentice/Dropbox/DBC-Chicago/Fireflies/Scott/phase_3/light_it_up/app/controllers/slides_controller.rb": [
        1,
        null,
        1,
        1,
        null,
        null,
        1,
        1,
        null,
        1,
        1,
        1,
        1,
        null,
        null,
        0,
        null,
        null,
        null,
        1,
        5,
        null,
        null,
        1,
        1,
        1,
        1,
        1,
        1,
        null,
        0,
        null,
        null,
        null,
        1,
        1,
        1,
        1,
        1,
        1,
        null,
        0,
        null,
        null,
        null,
        1,
        1,
        1,
        1,
        1,
        1,
        null,
        null,
        1,
        2,
        2,
        2,
        2,
        null,
        2,
        null,
        null,
        1,
        null,
        1,
        1,
        null,
        null,
        null,
        1,
        1,
        null,
        null
      ],
      "/Users/apprentice/Dropbox/DBC-Chicago/Fireflies/Scott/phase_3/light_it_up/app/controllers/slideshows_controller.rb": [
        1,
        null,
        1,
        1,
        null,
        null,
        1,
        5,
        5,
        5,
        5,
        null,
        0,
        null,
        null,
        null,
        1,
        9,
        null,
        null,
        1,
        1,
        1,
        1,
        null,
        null,
        0,
        null,
        null,
        null,
        1,
        12,
        12,
        12,
        9,
        9,
        9,
        null,
        9,
        9,
        null,
        3,
        3,
        null,
        null,
        null,
        1,
        0,
        0,
        0,
        null,
        0,
        null,
        null,
        null,
        1,
        3,
        3,
        2,
        2,
        null,
        1,
        1,
        null,
        null,
        null,
        1,
        null,
        null,
        1,
        null,
        1,
        5,
        null,
        null,
        1,
        2,
        null,
        null,
        null
      ],
      "/Users/apprentice/Dropbox/DBC-Chicago/Fireflies/Scott/phase_3/light_it_up/app/controllers/users_controller.rb": [
        1,
        null,
        1,
        null,
        1,
        5,
        5,
        2,
        2,
        2,
        null,
        3,
        3,
        null,
        null,
        null,
        1,
        null,
        null,
        null,
        1,
        null,
        2,
        2,
        2,
        2,
        2,
        null,
        0,
        0,
        null,
        null,
        null,
        1,
        5,
        null,
        null,
        1,
        2,
        2,
        2,
        2,
        null,
        null,
        0,
        0,
        0,
        null,
        null,
        null,
        null,
        1,
        25,
        25,
        null,
        0,
        0,
        null,
        null,
        null,
        null,
        1,
        null,
        1,
        5,
        null,
        null,
        1,
        2,
        null,
        null,
        null
      ],
      "/Users/apprentice/Dropbox/DBC-Chicago/Fireflies/Scott/phase_3/light_it_up/app/models/element.rb": [
        1,
        null,
        1,
        1,
        null,
        1,
        1,
        null,
        null
      ],
      "/Users/apprentice/Dropbox/DBC-Chicago/Fireflies/Scott/phase_3/light_it_up/app/models/element_type.rb": [
        1,
        null,
        1,
        null,
        1,
        1,
        null,
        null
      ],
      "/Users/apprentice/Dropbox/DBC-Chicago/Fireflies/Scott/phase_3/light_it_up/app/models/slide.rb": [
        1,
        null,
        1,
        null,
        1,
        null,
        null,
        1,
        1,
        1,
        null,
        null
      ],
      "/Users/apprentice/Dropbox/DBC-Chicago/Fireflies/Scott/phase_3/light_it_up/app/models/slideshow.rb": [
        1,
        null,
        1,
        1,
        null,
        1,
        1,
        1,
        null,
        null
      ],
      "/Users/apprentice/Dropbox/DBC-Chicago/Fireflies/Scott/phase_3/light_it_up/app/models/user.rb": [
        1,
        null,
        1,
        1,
        1,
        null,
        1,
        1,
        null,
        1,
        1,
        1,
        null,
        null
      ],
      "/Users/apprentice/Dropbox/DBC-Chicago/Fireflies/Scott/phase_3/light_it_up/app/controllers/welcome_controller.rb": [
        1,
        1,
        null,
        null,
        null,
        null
      ]
    },
    "timestamp": 1381694159
  },
  "Cucumber Features": {
    "coverage": {
      "/Users/apprentice/Dropbox/DBC-Chicago/Fireflies/Scott/phase_3/light_it_up/app/controllers/elements_controller.rb": [
        1,
        null,
        1,
        1,
        null,
        null,
        1,
        1,
        1,
        null,
        null,
        1,
        2,
        2,
        0,
        0,
        null,
        2,
        null,
        null,
        null,
        1,
        1,
        null,
        null,
        1,
        null,
        null,
        null,
        1,
        null,
        0,
        0,
        0,
        0,
        null,
        0,
        null,
        null,
        null,
        null,
        null,
        1,
        null,
        null,
        null,
        null,
        1,
        null,
        1,
        1,
        null,
        null,
        null
      ],
      "/Users/apprentice/Dropbox/DBC-Chicago/Fireflies/Scott/phase_3/light_it_up/app/controllers/application_controller.rb": [
        1,
        null,
        null,
        1,
        null,
        1,
        1,
        1,
        1,
        null,
        1,
        390,
        null,
        null,
        1,
        81,
        null,
        null,
        1,
        0,
        0,
        null,
        0,
        null,
        null,
        null,
        1,
        0,
        null,
        null,
        null
      ],
      "/Users/apprentice/Dropbox/DBC-Chicago/Fireflies/Scott/phase_3/light_it_up/app/controllers/sessions_controller.rb": [
        1,
        null,
        null,
        1,
        null,
        null,
        1,
        null,
        19,
        19,
        18,
        18,
        null,
        1,
        1,
        null,
        null,
        null,
        null,
        1,
        3,
        3,
        3,
        null,
        null,
        null
      ],
      "/Users/apprentice/Dropbox/DBC-Chicago/Fireflies/Scott/phase_3/light_it_up/app/controllers/slide_controller.rb": [
        1,
        null
      ],
      "/Users/apprentice/Dropbox/DBC-Chicago/Fireflies/Scott/phase_3/light_it_up/app/controllers/slides_controller.rb": [
        1,
        null,
        1,
        1,
        null,
        null,
        1,
        0,
        null,
        0,
        0,
        0,
        0,
        null,
        null,
        0,
        null,
        null,
        null,
        1,
        5,
        null,
        null,
        1,
        1,
        1,
        1,
        1,
        1,
        null,
        0,
        null,
        null,
        null,
        1,
        1,
        1,
        1,
        1,
        1,
        null,
        0,
        null,
        null,
        null,
        1,
        1,
        1,
        1,
        1,
        1,
        null,
        null,
        1,
        2,
        2,
        2,
        2,
        null,
        2,
        null,
        null,
        1,
        null,
        1,
        0,
        null,
        null,
        null,
        1,
        1,
        null,
        null
      ],
      "/Users/apprentice/Dropbox/DBC-Chicago/Fireflies/Scott/phase_3/light_it_up/app/controllers/slideshows_controller.rb": [
        1,
        null,
        1,
        1,
        null,
        null,
        1,
        5,
        5,
        5,
        5,
        null,
        0,
        null,
        null,
        null,
        1,
        9,
        null,
        null,
        1,
        1,
        1,
        1,
        null,
        null,
        0,
        null,
        null,
        null,
        1,
        12,
        12,
        12,
        9,
        9,
        9,
        null,
        9,
        9,
        null,
        3,
        3,
        null,
        null,
        null,
        1,
        0,
        0,
        0,
        null,
        0,
        null,
        null,
        null,
        1,
        3,
        3,
        2,
        2,
        null,
        1,
        1,
        null,
        null,
        null,
        1,
        null,
        null,
        1,
        null,
        1,
        5,
        null,
        null,
        1,
        2,
        null,
        null,
        null
      ],
      "/Users/apprentice/Dropbox/DBC-Chicago/Fireflies/Scott/phase_3/light_it_up/app/controllers/users_controller.rb": [
        1,
        null,
        1,
        null,
        1,
        5,
        5,
        2,
        2,
        2,
        null,
        3,
        3,
        null,
        null,
        null,
        1,
        null,
        null,
        null,
        1,
        null,
        2,
        2,
        2,
        2,
        2,
        null,
        0,
        0,
        null,
        null,
        null,
        1,
        5,
        null,
        null,
        1,
        2,
        2,
        2,
        2,
        null,
        null,
        0,
        0,
        0,
        null,
        null,
        null,
        null,
        1,
        25,
        25,
        null,
        0,
        0,
        null,
        null,
        null,
        null,
        1,
        null,
        1,
        5,
        null,
        null,
        1,
        2,
        null,
        null,
        null
      ],
      "/Users/apprentice/Dropbox/DBC-Chicago/Fireflies/Scott/phase_3/light_it_up/app/models/element.rb": [
        1,
        null,
        1,
        1,
        null,
        1,
        1,
        null,
        null
      ],
      "/Users/apprentice/Dropbox/DBC-Chicago/Fireflies/Scott/phase_3/light_it_up/app/models/element_type.rb": [
        1,
        null,
        1,
        null,
        1,
        1,
        null,
        null
      ],
      "/Users/apprentice/Dropbox/DBC-Chicago/Fireflies/Scott/phase_3/light_it_up/app/models/slide.rb": [
        1,
        null,
        1,
        null,
        1,
        null,
        null,
        1,
        1,
        1,
        null,
        null
      ],
      "/Users/apprentice/Dropbox/DBC-Chicago/Fireflies/Scott/phase_3/light_it_up/app/models/slideshow.rb": [
        1,
        null,
        1,
        1,
        null,
        1,
        1,
        1,
        null,
        null
      ],
      "/Users/apprentice/Dropbox/DBC-Chicago/Fireflies/Scott/phase_3/light_it_up/app/models/user.rb": [
        1,
        null,
        1,
        1,
        1,
        null,
        1,
        1,
        null,
        1,
        1,
        1,
        null,
        null
      ],
      "/Users/apprentice/Dropbox/DBC-Chicago/Fireflies/Scott/phase_3/light_it_up/app/controllers/welcome_controller.rb": [
        1,
        1,
        null,
        null,
        null,
        null
      ]
    },
    "timestamp": 1381689338
  }
}
